[W 10:09:12.700 NotebookApp] Error loading server extension jupyter_plotly_dash.serverext
    Traceback (most recent call last):
      File "/usr/local/lib/python3.9/site-packages/notebook/notebookapp.py", line 2027, in init_server_extensions
        mod = importlib.import_module(modulename)
      File "/usr/local/Cellar/python@3.9/3.9.4/Frameworks/Python.framework/Versions/3.9/lib/python3.9/importlib/__init__.py", line 127, in import_module
        return _bootstrap._gcd_import(name[level:], package, level)
      File "<frozen importlib._bootstrap>", line 1030, in _gcd_import
      File "<frozen importlib._bootstrap>", line 1007, in _find_and_load
      File "<frozen importlib._bootstrap>", line 972, in _find_and_load_unlocked
      File "<frozen importlib._bootstrap>", line 228, in _call_with_frames_removed
      File "<frozen importlib._bootstrap>", line 1030, in _gcd_import
      File "<frozen importlib._bootstrap>", line 1007, in _find_and_load
      File "<frozen importlib._bootstrap>", line 984, in _find_and_load_unlocked
    ModuleNotFoundError: No module named 'jupyter_plotly_dash'
[W 10:09:12.703 NotebookApp] Error loading server extension nbserverproxy
    Traceback (most recent call last):
      File "/usr/local/lib/python3.9/site-packages/notebook/notebookapp.py", line 2027, in init_server_extensions
        mod = importlib.import_module(modulename)
      File "/usr/local/Cellar/python@3.9/3.9.4/Frameworks/Python.framework/Versions/3.9/lib/python3.9/importlib/__init__.py", line 127, in import_module
        return _bootstrap._gcd_import(name[level:], package, level)
      File "<frozen importlib._bootstrap>", line 1030, in _gcd_import
      File "<frozen importlib._bootstrap>", line 1007, in _find_and_load
      File "<frozen importlib._bootstrap>", line 984, in _find_and_load_unlocked
    ModuleNotFoundError: No module named 'nbserverproxy'
[W 10:09:12.703 NotebookApp] Error loading server extension panel
    Traceback (most recent call last):
      File "/usr/local/lib/python3.9/site-packages/notebook/notebookapp.py", line 2027, in init_server_extensions
        mod = importlib.import_module(modulename)
      File "/usr/local/Cellar/python@3.9/3.9.4/Frameworks/Python.framework/Versions/3.9/lib/python3.9/importlib/__init__.py", line 127, in import_module
        return _bootstrap._gcd_import(name[level:], package, level)
      File "<frozen importlib._bootstrap>", line 1030, in _gcd_import
      File "<frozen importlib._bootstrap>", line 1007, in _find_and_load
      File "<frozen importlib._bootstrap>", line 984, in _find_and_load_unlocked
    ModuleNotFoundError: No module named 'panel'
[I 10:09:12.708 NotebookApp] Serving notebooks from local directory: /Users/yin/OneDrive/2.doing/researches/drl
[I 10:09:12.709 NotebookApp] Jupyter Notebook 6.4.4 is running at:
[I 10:09:12.709 NotebookApp] http://localhost:8888/?token=22cae29325b23515a29f401de852c23c92c9239607aed85b
[I 10:09:12.709 NotebookApp]  or http://127.0.0.1:8888/?token=22cae29325b23515a29f401de852c23c92c9239607aed85b
[I 10:09:12.709 NotebookApp] Use Control-C to stop this server and shut down all kernels (twice to skip confirmation).
[C 10:09:12.717 NotebookApp] 
    
    To access the notebook, open this file in a browser:
        file:///Users/yin/Library/Jupyter/runtime/nbserver-2330-open.html
    Or copy and paste one of these URLs:
        http://localhost:8888/?token=22cae29325b23515a29f401de852c23c92c9239607aed85b
     or http://127.0.0.1:8888/?token=22cae29325b23515a29f401de852c23c92c9239607aed85b
/usr/local/Cellar/python@3.9/3.9.4/Frameworks/Python.framework/Versions/3.9/lib/python3.9/json/encoder.py:257: UserWarning: date_default is deprecated since jupyter_client 7.0.0. Use jupyter_client.jsonutil.json_default.
  return _iterencode(o, 0)
[W 10:09:23.903 NotebookApp] 404 GET /notebooks/Untitled5.ipynb?kernel_name=python3 (::1): No such file or directory: Untitled5.ipynb
[W 10:09:23.909 NotebookApp] 404 GET /notebooks/Untitled5.ipynb?kernel_name=python3 (::1) 6.810000ms referer=None
[W 10:09:50.780 NotebookApp] Notebook rlMarketTiming.ipynb is not trusted
[W 10:09:50.844 NotebookApp] 404 GET /nbextensions/pydeck/extension.js?v=20220219100912 (::1) 4.350000ms referer=http://localhost:8888/notebooks/rlMarketTiming.ipynb
ERROR:asyncio:Exception in callback <TaskWakeupMethWrapper object at 0x10aeb6790>(<Future finis...09d"\r\n\r\n'>)
handle: <Handle <TaskWakeupMethWrapper object at 0x10aeb6790>(<Future finis...09d"\r\n\r\n'>)>
Traceback (most recent call last):
  File "/usr/local/Cellar/python@3.9/3.9.4/Frameworks/Python.framework/Versions/3.9/lib/python3.9/asyncio/events.py", line 80, in _run
    self._context.run(self._callback, *self._args)
RuntimeError: Cannot enter into task <Task pending name='Task-11' coro=<HTTP1ServerConnection._server_request_loop() running at /usr/local/lib/python3.9/site-packages/tornado/http1connection.py:823> wait_for=<Future finished result=b'GET /api/co...b09d"\r\n\r\n'> cb=[IOLoop.add_future.<locals>.<lambda>() at /usr/local/lib/python3.9/site-packages/tornado/ioloop.py:688]> while another task <Task pending name='Task-2' coro=<KernelManager._async_start_kernel() running at /usr/local/lib/python3.9/site-packages/jupyter_client/manager.py:336>> is being executed.
[I 10:09:51.267 NotebookApp] Kernel started: d7e65360-be65-4a66-a0ba-d17a694fd4ba, name: python3
[W 10:09:51.371 NotebookApp] 404 GET /nbextensions/widgets/notebook/js/extension.js?v=20220219100912 (::1) 2.500000ms referer=http://localhost:8888/notebooks/rlMarketTiming.ipynb
/usr/local/Cellar/python@3.9/3.9.4/Frameworks/Python.framework/Versions/3.9/lib/python3.9/json/encoder.py:257: UserWarning: date_default is deprecated since jupyter_client 7.0.0. Use jupyter_client.jsonutil.json_default.
  return _iterencode(o, 0)
[I 10:11:51.808 NotebookApp] Saving file at /rlMarketTiming.ipynb
[W 10:11:51.809 NotebookApp] Notebook rlMarketTiming.ipynb is not trusted
[I 10:13:51.234 NotebookApp] Saving file at /rlMarketTiming.ipynb
[W 10:13:51.236 NotebookApp] Notebook rlMarketTiming.ipynb is not trusted
[I 10:15:51.778 NotebookApp] Saving file at /rlMarketTiming.ipynb
[W 10:15:51.779 NotebookApp] Notebook rlMarketTiming.ipynb is not trusted
[I 10:17:52.301 NotebookApp] Saving file at /rlMarketTiming.ipynb
[W 10:17:52.302 NotebookApp] Notebook rlMarketTiming.ipynb is not trusted
[I 10:19:51.210 NotebookApp] Saving file at /rlMarketTiming.ipynb
[W 10:19:51.211 NotebookApp] Notebook rlMarketTiming.ipynb is not trusted
[I 10:21:52.555 NotebookApp] Saving file at /rlMarketTiming.ipynb
[W 10:21:52.555 NotebookApp] Notebook rlMarketTiming.ipynb is not trusted
[I 10:25:51.206 NotebookApp] Saving file at /rlMarketTiming.ipynb
[W 10:25:51.208 NotebookApp] Notebook rlMarketTiming.ipynb is not trusted
[I 10:31:51.211 NotebookApp] Saving file at /rlMarketTiming.ipynb
[W 10:31:51.212 NotebookApp] Notebook rlMarketTiming.ipynb is not trusted
[I 10:33:52.123 NotebookApp] Saving file at /rlMarketTiming.ipynb
[W 10:33:52.123 NotebookApp] Notebook rlMarketTiming.ipynb is not trusted
[I 10:35:51.213 NotebookApp] Saving file at /rlMarketTiming.ipynb
[W 10:35:51.214 NotebookApp] Notebook rlMarketTiming.ipynb is not trusted
[I 10:37:51.780 NotebookApp] Saving file at /rlMarketTiming.ipynb
[W 10:37:51.781 NotebookApp] Notebook rlMarketTiming.ipynb is not trusted
[I 10:43:51.216 NotebookApp] Saving file at /rlMarketTiming.ipynb
[W 10:43:51.217 NotebookApp] Notebook rlMarketTiming.ipynb is not trusted
[I 10:49:51.244 NotebookApp] Saving file at /rlMarketTiming.ipynb
[W 10:49:51.246 NotebookApp] Notebook rlMarketTiming.ipynb is not trusted
[I 10:51:55.497 NotebookApp] Saving file at /rlMarketTiming.ipynb
[W 10:51:55.499 NotebookApp] Notebook rlMarketTiming.ipynb is not trusted
[I 10:53:51.250 NotebookApp] Saving file at /rlMarketTiming.ipynb
[W 10:53:51.251 NotebookApp] Notebook rlMarketTiming.ipynb is not trusted
[I 10:55:51.247 NotebookApp] Saving file at /rlMarketTiming.ipynb
[W 10:55:51.248 NotebookApp] Notebook rlMarketTiming.ipynb is not trusted
[I 10:57:51.246 NotebookApp] Saving file at /rlMarketTiming.ipynb
[W 10:57:51.247 NotebookApp] Notebook rlMarketTiming.ipynb is not trusted
[I 11:53:51.943 NotebookApp] Saving file at /rlMarketTiming.ipynb
[W 11:53:51.944 NotebookApp] Notebook rlMarketTiming.ipynb is not trusted
[I 12:24:12.036 NotebookApp] Starting buffering for d7e65360-be65-4a66-a0ba-d17a694fd4ba:ed97d0377ad542f898a25bd689d8790e
[I 12:24:14.042 NotebookApp] Restoring connection for d7e65360-be65-4a66-a0ba-d17a694fd4ba:ed97d0377ad542f898a25bd689d8790e
[I 12:24:06.797 NotebookApp] Starting buffering for d7e65360-be65-4a66-a0ba-d17a694fd4ba:ed97d0377ad542f898a25bd689d8790e
[I 12:24:09.463 NotebookApp] Restoring connection for d7e65360-be65-4a66-a0ba-d17a694fd4ba:ed97d0377ad542f898a25bd689d8790e
[I 13:23:58.033 NotebookApp] Creating new notebook in 
[W 13:23:58.825 NotebookApp] 404 GET /nbextensions/pydeck/extension.js?v=20220219100912 (::1) 1.950000ms referer=http://localhost:8888/notebooks/Untitled5.ipynb?kernel_name=python3
[I 13:23:58.933 NotebookApp] Kernel started: 2a374c16-8584-40ac-9381-574996d6526c, name: python3
[W 13:23:58.971 NotebookApp] 404 GET /nbextensions/widgets/notebook/js/extension.js?v=20220219100912 (::1) 3.680000ms referer=http://localhost:8888/notebooks/Untitled5.ipynb?kernel_name=python3
2022-02-20 13:25:48.730 Python[4440:199756] ApplePersistenceIgnoreState: Existing state will not be touched. New state will be written to /var/folders/5z/7l96pnn14y9_hv9w5nnbtxs00000gn/T/org.python.python.savedState
[I 13:25:58.917 NotebookApp] Saving file at /Untitled5.ipynb
[I 13:27:58.904 NotebookApp] Saving file at /plotnine.ipynb
[I 13:29:58.902 NotebookApp] Saving file at /plotnine.ipynb
[I 13:32:58.524 NotebookApp] Starting buffering for 2a374c16-8584-40ac-9381-574996d6526c:24b8a3500cd745c8a2443a46405b6e2a
[W 13:32:58.767 NotebookApp] Notebook plotnine.ipynb is not trusted
[W 13:32:58.785 NotebookApp] 404 GET /nbextensions/pydeck/extension.js?v=20220219100912 (::1) 2.250000ms referer=http://localhost:8888/notebooks/plotnine.ipynb
[W 13:32:58.956 NotebookApp] 404 GET /nbextensions/widgets/notebook/js/extension.js?v=20220219100912 (::1) 2.270000ms referer=http://localhost:8888/notebooks/plotnine.ipynb
[I 13:33:00.886 NotebookApp] Starting buffering for 2a374c16-8584-40ac-9381-574996d6526c:ec1a46bc32b745698f47400cc78ae853
[W 14:53:37.226 NotebookApp] Notebook plotnine.ipynb is not trusted
[W 14:53:37.249 NotebookApp] 404 GET /nbextensions/pydeck/extension.js?v=20220219100912 (::1) 2.590000ms referer=http://localhost:8888/notebooks/plotnine.ipynb
[W 14:53:37.346 NotebookApp] 404 GET /nbextensions/widgets/notebook/js/extension.js?v=20220219100912 (::1) 2.040000ms referer=http://localhost:8888/notebooks/plotnine.ipynb
[I 15:03:37.408 NotebookApp] Saving file at /plotnine.ipynb
[W 15:03:37.408 NotebookApp] Notebook plotnine.ipynb is not trusted
[I 15:39:43.236 NotebookApp] Starting buffering for 2a374c16-8584-40ac-9381-574996d6526c:97754328ce554a809e3bb724cc3ad74a
[I 15:39:43.241 NotebookApp] Starting buffering for d7e65360-be65-4a66-a0ba-d17a694fd4ba:ed97d0377ad542f898a25bd689d8790e
[I 15:39:45.251 NotebookApp] Restoring connection for d7e65360-be65-4a66-a0ba-d17a694fd4ba:ed97d0377ad542f898a25bd689d8790e
[I 15:39:45.265 NotebookApp] Restoring connection for 2a374c16-8584-40ac-9381-574996d6526c:97754328ce554a809e3bb724cc3ad74a
[I 18:35:14.753 NotebookApp] Starting buffering for 2a374c16-8584-40ac-9381-574996d6526c:97754328ce554a809e3bb724cc3ad74a
[I 18:35:14.774 NotebookApp] Starting buffering for d7e65360-be65-4a66-a0ba-d17a694fd4ba:ed97d0377ad542f898a25bd689d8790e
[I 18:35:16.428 NotebookApp] Restoring connection for d7e65360-be65-4a66-a0ba-d17a694fd4ba:ed97d0377ad542f898a25bd689d8790e
[I 18:35:16.535 NotebookApp] Restoring connection for 2a374c16-8584-40ac-9381-574996d6526c:97754328ce554a809e3bb724cc3ad74a
[I 09:36:08.182 NotebookApp] Starting buffering for 2a374c16-8584-40ac-9381-574996d6526c:97754328ce554a809e3bb724cc3ad74a
[W 09:36:08.439 NotebookApp] Notebook plotnine.ipynb is not trusted
[W 09:36:08.459 NotebookApp] 404 GET /nbextensions/pydeck/extension.js?v=20220219100912 (::1) 2.560000ms referer=http://localhost:8888/notebooks/plotnine.ipynb
[W 09:36:08.620 NotebookApp] 404 GET /nbextensions/widgets/notebook/js/extension.js?v=20220219100912 (::1) 2.230000ms referer=http://localhost:8888/notebooks/plotnine.ipynb
[I 10:02:08.560 NotebookApp] Saving file at /plotnine.ipynb
[W 10:02:08.561 NotebookApp] Notebook plotnine.ipynb is not trusted
[I 10:03:03.327 NotebookApp] Saving file at /plotnine.ipynb
[W 10:03:03.327 NotebookApp] Notebook plotnine.ipynb is not trusted
[I 10:04:08.548 NotebookApp] Saving file at /plotnine.ipynb
[W 10:04:08.548 NotebookApp] Notebook plotnine.ipynb is not trusted
[I 10:05:15.463 NotebookApp] Saving file at /plotnine.ipynb
[W 10:05:15.464 NotebookApp] Notebook plotnine.ipynb is not trusted
[I 10:05:25.520 NotebookApp] Saving file at /plotnine.ipynb
[W 10:05:25.520 NotebookApp] Notebook plotnine.ipynb is not trusted
[I 10:06:08.549 NotebookApp] Saving file at /plotnine.ipynb
[W 10:06:08.550 NotebookApp] Notebook plotnine.ipynb is not trusted
[I 10:07:08.625 NotebookApp] Saving file at /plotnine.ipynb
[W 10:07:08.625 NotebookApp] Notebook plotnine.ipynb is not trusted
[I 10:11:41.618 NotebookApp] Saving file at /plotnine.ipynb
[W 10:11:41.618 NotebookApp] Notebook plotnine.ipynb is not trusted
[I 10:39:04.644 NotebookApp] Starting buffering for 2a374c16-8584-40ac-9381-574996d6526c:24ee49b317fd4e898dcea320b9477d56
[I 10:39:04.672 NotebookApp] Starting buffering for d7e65360-be65-4a66-a0ba-d17a694fd4ba:ed97d0377ad542f898a25bd689d8790e
[I 10:39:05.971 NotebookApp] Restoring connection for 2a374c16-8584-40ac-9381-574996d6526c:24ee49b317fd4e898dcea320b9477d56
[I 10:39:06.243 NotebookApp] Restoring connection for d7e65360-be65-4a66-a0ba-d17a694fd4ba:ed97d0377ad542f898a25bd689d8790e
[I 11:29:04.428 NotebookApp] Starting buffering for 2a374c16-8584-40ac-9381-574996d6526c:24ee49b317fd4e898dcea320b9477d56
[I 11:29:04.433 NotebookApp] Starting buffering for d7e65360-be65-4a66-a0ba-d17a694fd4ba:ed97d0377ad542f898a25bd689d8790e
[I 11:29:06.006 NotebookApp] Restoring connection for 2a374c16-8584-40ac-9381-574996d6526c:24ee49b317fd4e898dcea320b9477d56
[I 11:29:06.374 NotebookApp] Restoring connection for d7e65360-be65-4a66-a0ba-d17a694fd4ba:ed97d0377ad542f898a25bd689d8790e
[I 11:53:25.555 NotebookApp] Starting buffering for d7e65360-be65-4a66-a0ba-d17a694fd4ba:ed97d0377ad542f898a25bd689d8790e
[I 11:53:25.556 NotebookApp] Starting buffering for 2a374c16-8584-40ac-9381-574996d6526c:24ee49b317fd4e898dcea320b9477d56
[I 11:53:27.308 NotebookApp] Restoring connection for 2a374c16-8584-40ac-9381-574996d6526c:24ee49b317fd4e898dcea320b9477d56
[I 11:53:27.737 NotebookApp] Restoring connection for d7e65360-be65-4a66-a0ba-d17a694fd4ba:ed97d0377ad542f898a25bd689d8790e
[I 15:25:33.557 NotebookApp] Saving file at /plotnine.ipynb
[I 17:15:58.567 NotebookApp] Starting buffering for d7e65360-be65-4a66-a0ba-d17a694fd4ba:ed97d0377ad542f898a25bd689d8790e
[I 17:15:58.571 NotebookApp] Starting buffering for 2a374c16-8584-40ac-9381-574996d6526c:24ee49b317fd4e898dcea320b9477d56
[I 17:16:00.084 NotebookApp] Restoring connection for d7e65360-be65-4a66-a0ba-d17a694fd4ba:ed97d0377ad542f898a25bd689d8790e
[I 17:16:00.594 NotebookApp] Restoring connection for 2a374c16-8584-40ac-9381-574996d6526c:24ee49b317fd4e898dcea320b9477d56
[I 08:45:25.342 NotebookApp] Starting buffering for 2a374c16-8584-40ac-9381-574996d6526c:24ee49b317fd4e898dcea320b9477d56
[I 08:45:25.344 NotebookApp] Starting buffering for d7e65360-be65-4a66-a0ba-d17a694fd4ba:ed97d0377ad542f898a25bd689d8790e
[I 08:45:26.754 NotebookApp] Restoring connection for d7e65360-be65-4a66-a0ba-d17a694fd4ba:ed97d0377ad542f898a25bd689d8790e
[I 08:45:27.221 NotebookApp] Restoring connection for 2a374c16-8584-40ac-9381-574996d6526c:24ee49b317fd4e898dcea320b9477d56
[I 10:36:17.355 NotebookApp] Starting buffering for 2a374c16-8584-40ac-9381-574996d6526c:24ee49b317fd4e898dcea320b9477d56
[I 10:36:17.360 NotebookApp] Starting buffering for d7e65360-be65-4a66-a0ba-d17a694fd4ba:ed97d0377ad542f898a25bd689d8790e
[I 10:36:18.704 NotebookApp] Restoring connection for d7e65360-be65-4a66-a0ba-d17a694fd4ba:ed97d0377ad542f898a25bd689d8790e
[I 10:36:18.810 NotebookApp] Restoring connection for 2a374c16-8584-40ac-9381-574996d6526c:24ee49b317fd4e898dcea320b9477d56
[I 11:02:16.822 NotebookApp] Starting buffering for 2a374c16-8584-40ac-9381-574996d6526c:24ee49b317fd4e898dcea320b9477d56
[I 11:02:16.825 NotebookApp] Starting buffering for d7e65360-be65-4a66-a0ba-d17a694fd4ba:ed97d0377ad542f898a25bd689d8790e
[I 11:02:18.145 NotebookApp] Restoring connection for d7e65360-be65-4a66-a0ba-d17a694fd4ba:ed97d0377ad542f898a25bd689d8790e
[I 11:02:18.520 NotebookApp] Restoring connection for 2a374c16-8584-40ac-9381-574996d6526c:24ee49b317fd4e898dcea320b9477d56
[I 12:20:33.796 NotebookApp] Starting buffering for 2a374c16-8584-40ac-9381-574996d6526c:24ee49b317fd4e898dcea320b9477d56
[I 12:20:33.799 NotebookApp] Starting buffering for d7e65360-be65-4a66-a0ba-d17a694fd4ba:ed97d0377ad542f898a25bd689d8790e
[I 12:20:35.174 NotebookApp] Restoring connection for d7e65360-be65-4a66-a0ba-d17a694fd4ba:ed97d0377ad542f898a25bd689d8790e
[I 12:20:35.584 NotebookApp] Restoring connection for 2a374c16-8584-40ac-9381-574996d6526c:24ee49b317fd4e898dcea320b9477d56
[I 15:07:54.127 NotebookApp] Starting buffering for 2a374c16-8584-40ac-9381-574996d6526c:24ee49b317fd4e898dcea320b9477d56
[I 15:07:54.138 NotebookApp] Starting buffering for d7e65360-be65-4a66-a0ba-d17a694fd4ba:ed97d0377ad542f898a25bd689d8790e
[I 15:07:56.451 NotebookApp] Restoring connection for 2a374c16-8584-40ac-9381-574996d6526c:24ee49b317fd4e898dcea320b9477d56
[I 15:07:56.464 NotebookApp] Restoring connection for d7e65360-be65-4a66-a0ba-d17a694fd4ba:ed97d0377ad542f898a25bd689d8790e
[I 16:35:29.944 NotebookApp] Starting buffering for d7e65360-be65-4a66-a0ba-d17a694fd4ba:ed97d0377ad542f898a25bd689d8790e
[I 16:35:29.951 NotebookApp] Starting buffering for 2a374c16-8584-40ac-9381-574996d6526c:24ee49b317fd4e898dcea320b9477d56
[I 16:35:31.430 NotebookApp] Restoring connection for d7e65360-be65-4a66-a0ba-d17a694fd4ba:ed97d0377ad542f898a25bd689d8790e
[I 16:35:31.504 NotebookApp] Restoring connection for 2a374c16-8584-40ac-9381-574996d6526c:24ee49b317fd4e898dcea320b9477d56
[I 08:34:09.537 NotebookApp] Starting buffering for 2a374c16-8584-40ac-9381-574996d6526c:24ee49b317fd4e898dcea320b9477d56
[I 08:34:09.544 NotebookApp] Starting buffering for d7e65360-be65-4a66-a0ba-d17a694fd4ba:ed97d0377ad542f898a25bd689d8790e
[I 08:34:12.324 NotebookApp] Restoring connection for 2a374c16-8584-40ac-9381-574996d6526c:24ee49b317fd4e898dcea320b9477d56
[I 08:34:12.337 NotebookApp] Restoring connection for d7e65360-be65-4a66-a0ba-d17a694fd4ba:ed97d0377ad542f898a25bd689d8790e
[I 12:16:35.511 NotebookApp] Starting buffering for d7e65360-be65-4a66-a0ba-d17a694fd4ba:ed97d0377ad542f898a25bd689d8790e
[I 12:16:35.513 NotebookApp] Starting buffering for 2a374c16-8584-40ac-9381-574996d6526c:24ee49b317fd4e898dcea320b9477d56
[I 12:16:38.424 NotebookApp] Restoring connection for 2a374c16-8584-40ac-9381-574996d6526c:24ee49b317fd4e898dcea320b9477d56
[I 12:16:38.437 NotebookApp] Restoring connection for d7e65360-be65-4a66-a0ba-d17a694fd4ba:ed97d0377ad542f898a25bd689d8790e
[I 18:18:24.116 NotebookApp] Starting buffering for d7e65360-be65-4a66-a0ba-d17a694fd4ba:ed97d0377ad542f898a25bd689d8790e
[I 18:18:24.119 NotebookApp] Starting buffering for 2a374c16-8584-40ac-9381-574996d6526c:24ee49b317fd4e898dcea320b9477d56
[I 18:18:25.705 NotebookApp] Restoring connection for 2a374c16-8584-40ac-9381-574996d6526c:24ee49b317fd4e898dcea320b9477d56
[I 18:18:25.717 NotebookApp] Restoring connection for d7e65360-be65-4a66-a0ba-d17a694fd4ba:ed97d0377ad542f898a25bd689d8790e
[I 10:54:12.879 NotebookApp] Starting buffering for d7e65360-be65-4a66-a0ba-d17a694fd4ba:ed97d0377ad542f898a25bd689d8790e
[I 10:54:12.882 NotebookApp] Starting buffering for 2a374c16-8584-40ac-9381-574996d6526c:24ee49b317fd4e898dcea320b9477d56
[I 10:54:14.555 NotebookApp] Restoring connection for d7e65360-be65-4a66-a0ba-d17a694fd4ba:ed97d0377ad542f898a25bd689d8790e
[I 10:54:14.961 NotebookApp] Restoring connection for 2a374c16-8584-40ac-9381-574996d6526c:24ee49b317fd4e898dcea320b9477d56
[I 12:12:09.405 NotebookApp] Starting buffering for 2a374c16-8584-40ac-9381-574996d6526c:24ee49b317fd4e898dcea320b9477d56
[I 12:12:09.409 NotebookApp] Starting buffering for d7e65360-be65-4a66-a0ba-d17a694fd4ba:ed97d0377ad542f898a25bd689d8790e
[I 12:12:11.163 NotebookApp] Restoring connection for d7e65360-be65-4a66-a0ba-d17a694fd4ba:ed97d0377ad542f898a25bd689d8790e
[I 12:12:11.582 NotebookApp] Restoring connection for 2a374c16-8584-40ac-9381-574996d6526c:24ee49b317fd4e898dcea320b9477d56
[I 13:59:41.189 NotebookApp] Starting buffering for 2a374c16-8584-40ac-9381-574996d6526c:24ee49b317fd4e898dcea320b9477d56
[I 13:59:41.192 NotebookApp] Starting buffering for d7e65360-be65-4a66-a0ba-d17a694fd4ba:ed97d0377ad542f898a25bd689d8790e
[I 13:59:42.705 NotebookApp] Restoring connection for 2a374c16-8584-40ac-9381-574996d6526c:24ee49b317fd4e898dcea320b9477d56
[I 13:59:42.718 NotebookApp] Restoring connection for d7e65360-be65-4a66-a0ba-d17a694fd4ba:ed97d0377ad542f898a25bd689d8790e
[I 14:45:51.530 NotebookApp] Starting buffering for d7e65360-be65-4a66-a0ba-d17a694fd4ba:ed97d0377ad542f898a25bd689d8790e
[I 14:45:51.532 NotebookApp] Starting buffering for 2a374c16-8584-40ac-9381-574996d6526c:24ee49b317fd4e898dcea320b9477d56
[I 14:45:52.780 NotebookApp] Restoring connection for d7e65360-be65-4a66-a0ba-d17a694fd4ba:ed97d0377ad542f898a25bd689d8790e
[I 14:45:53.037 NotebookApp] Restoring connection for 2a374c16-8584-40ac-9381-574996d6526c:24ee49b317fd4e898dcea320b9477d56
[I 15:18:46.976 NotebookApp] Starting buffering for 2a374c16-8584-40ac-9381-574996d6526c:24ee49b317fd4e898dcea320b9477d56
[I 15:18:46.984 NotebookApp] Starting buffering for d7e65360-be65-4a66-a0ba-d17a694fd4ba:ed97d0377ad542f898a25bd689d8790e
[I 15:18:48.967 NotebookApp] Restoring connection for 2a374c16-8584-40ac-9381-574996d6526c:24ee49b317fd4e898dcea320b9477d56
[I 15:18:48.979 NotebookApp] Restoring connection for d7e65360-be65-4a66-a0ba-d17a694fd4ba:ed97d0377ad542f898a25bd689d8790e
[I 16:57:49.928 NotebookApp] Starting buffering for d7e65360-be65-4a66-a0ba-d17a694fd4ba:ed97d0377ad542f898a25bd689d8790e
[I 16:57:49.930 NotebookApp] Starting buffering for 2a374c16-8584-40ac-9381-574996d6526c:24ee49b317fd4e898dcea320b9477d56
[I 16:57:51.396 NotebookApp] Restoring connection for 2a374c16-8584-40ac-9381-574996d6526c:24ee49b317fd4e898dcea320b9477d56
[I 16:57:51.409 NotebookApp] Restoring connection for d7e65360-be65-4a66-a0ba-d17a694fd4ba:ed97d0377ad542f898a25bd689d8790e
[I 11:48:40.445 NotebookApp] Starting buffering for d7e65360-be65-4a66-a0ba-d17a694fd4ba:ed97d0377ad542f898a25bd689d8790e
[I 11:48:40.452 NotebookApp] Starting buffering for 2a374c16-8584-40ac-9381-574996d6526c:24ee49b317fd4e898dcea320b9477d56
[I 11:48:41.477 NotebookApp] Restoring connection for d7e65360-be65-4a66-a0ba-d17a694fd4ba:ed97d0377ad542f898a25bd689d8790e
[I 11:48:42.467 NotebookApp] Restoring connection for 2a374c16-8584-40ac-9381-574996d6526c:24ee49b317fd4e898dcea320b9477d56
[I 16:23:04.158 NotebookApp] Starting buffering for 2a374c16-8584-40ac-9381-574996d6526c:24ee49b317fd4e898dcea320b9477d56
[I 16:23:04.177 NotebookApp] Starting buffering for d7e65360-be65-4a66-a0ba-d17a694fd4ba:ed97d0377ad542f898a25bd689d8790e
[I 16:23:05.994 NotebookApp] Restoring connection for 2a374c16-8584-40ac-9381-574996d6526c:24ee49b317fd4e898dcea320b9477d56
[I 16:23:06.040 NotebookApp] Restoring connection for d7e65360-be65-4a66-a0ba-d17a694fd4ba:ed97d0377ad542f898a25bd689d8790e
[I 17:22:07.778 NotebookApp] Starting buffering for d7e65360-be65-4a66-a0ba-d17a694fd4ba:ed97d0377ad542f898a25bd689d8790e
[I 17:22:07.794 NotebookApp] Starting buffering for 2a374c16-8584-40ac-9381-574996d6526c:24ee49b317fd4e898dcea320b9477d56
[I 17:22:08.969 NotebookApp] Restoring connection for d7e65360-be65-4a66-a0ba-d17a694fd4ba:ed97d0377ad542f898a25bd689d8790e
[I 17:22:09.193 NotebookApp] Restoring connection for 2a374c16-8584-40ac-9381-574996d6526c:24ee49b317fd4e898dcea320b9477d56
[I 09:44:46.387 NotebookApp] Starting buffering for 2a374c16-8584-40ac-9381-574996d6526c:24ee49b317fd4e898dcea320b9477d56
[I 09:44:46.403 NotebookApp] Starting buffering for d7e65360-be65-4a66-a0ba-d17a694fd4ba:ed97d0377ad542f898a25bd689d8790e
[I 09:44:49.161 NotebookApp] Restoring connection for 2a374c16-8584-40ac-9381-574996d6526c:24ee49b317fd4e898dcea320b9477d56
[I 09:44:49.174 NotebookApp] Restoring connection for d7e65360-be65-4a66-a0ba-d17a694fd4ba:ed97d0377ad542f898a25bd689d8790e
[I 12:15:30.802 NotebookApp] Starting buffering for 2a374c16-8584-40ac-9381-574996d6526c:24ee49b317fd4e898dcea320b9477d56
[I 12:15:30.804 NotebookApp] Starting buffering for d7e65360-be65-4a66-a0ba-d17a694fd4ba:ed97d0377ad542f898a25bd689d8790e
[I 12:15:31.859 NotebookApp] Restoring connection for d7e65360-be65-4a66-a0ba-d17a694fd4ba:ed97d0377ad542f898a25bd689d8790e
[I 12:15:32.533 NotebookApp] Restoring connection for 2a374c16-8584-40ac-9381-574996d6526c:24ee49b317fd4e898dcea320b9477d56
[I 13:18:46.451 NotebookApp] Starting buffering for 2a374c16-8584-40ac-9381-574996d6526c:24ee49b317fd4e898dcea320b9477d56
[I 13:18:46.465 NotebookApp] Starting buffering for d7e65360-be65-4a66-a0ba-d17a694fd4ba:ed97d0377ad542f898a25bd689d8790e
[I 13:18:48.739 NotebookApp] Restoring connection for d7e65360-be65-4a66-a0ba-d17a694fd4ba:ed97d0377ad542f898a25bd689d8790e
[I 13:18:49.189 NotebookApp] Restoring connection for 2a374c16-8584-40ac-9381-574996d6526c:24ee49b317fd4e898dcea320b9477d56
[I 16:04:06.252 NotebookApp] Starting buffering for 2a374c16-8584-40ac-9381-574996d6526c:24ee49b317fd4e898dcea320b9477d56
[I 16:04:06.264 NotebookApp] Starting buffering for d7e65360-be65-4a66-a0ba-d17a694fd4ba:ed97d0377ad542f898a25bd689d8790e
[I 16:04:07.522 NotebookApp] Restoring connection for 2a374c16-8584-40ac-9381-574996d6526c:24ee49b317fd4e898dcea320b9477d56
[I 16:04:07.535 NotebookApp] Restoring connection for d7e65360-be65-4a66-a0ba-d17a694fd4ba:ed97d0377ad542f898a25bd689d8790e
[I 18:00:10.929 NotebookApp] Starting buffering for d7e65360-be65-4a66-a0ba-d17a694fd4ba:ed97d0377ad542f898a25bd689d8790e
[I 18:00:10.939 NotebookApp] Starting buffering for 2a374c16-8584-40ac-9381-574996d6526c:24ee49b317fd4e898dcea320b9477d56
[I 18:00:12.693 NotebookApp] Restoring connection for d7e65360-be65-4a66-a0ba-d17a694fd4ba:ed97d0377ad542f898a25bd689d8790e
[I 18:00:13.396 NotebookApp] Restoring connection for 2a374c16-8584-40ac-9381-574996d6526c:24ee49b317fd4e898dcea320b9477d56
[I 12:24:03.161 NotebookApp] Starting buffering for 2a374c16-8584-40ac-9381-574996d6526c:24ee49b317fd4e898dcea320b9477d56
[I 12:24:03.196 NotebookApp] Starting buffering for d7e65360-be65-4a66-a0ba-d17a694fd4ba:ed97d0377ad542f898a25bd689d8790e
[I 12:24:04.973 NotebookApp] Restoring connection for 2a374c16-8584-40ac-9381-574996d6526c:24ee49b317fd4e898dcea320b9477d56
[I 12:24:04.988 NotebookApp] Restoring connection for d7e65360-be65-4a66-a0ba-d17a694fd4ba:ed97d0377ad542f898a25bd689d8790e
[I 15:56:05.722 NotebookApp] Starting buffering for d7e65360-be65-4a66-a0ba-d17a694fd4ba:ed97d0377ad542f898a25bd689d8790e
[I 15:56:05.726 NotebookApp] Starting buffering for 2a374c16-8584-40ac-9381-574996d6526c:24ee49b317fd4e898dcea320b9477d56
[I 15:56:07.641 NotebookApp] Restoring connection for d7e65360-be65-4a66-a0ba-d17a694fd4ba:ed97d0377ad542f898a25bd689d8790e
[I 15:56:07.654 NotebookApp] Restoring connection for 2a374c16-8584-40ac-9381-574996d6526c:24ee49b317fd4e898dcea320b9477d56
[I 17:01:50.547 NotebookApp] Starting buffering for 2a374c16-8584-40ac-9381-574996d6526c:24ee49b317fd4e898dcea320b9477d56
[I 17:01:50.549 NotebookApp] Starting buffering for d7e65360-be65-4a66-a0ba-d17a694fd4ba:ed97d0377ad542f898a25bd689d8790e
[I 17:01:51.832 NotebookApp] Restoring connection for d7e65360-be65-4a66-a0ba-d17a694fd4ba:ed97d0377ad542f898a25bd689d8790e
[I 17:01:51.983 NotebookApp] Restoring connection for 2a374c16-8584-40ac-9381-574996d6526c:24ee49b317fd4e898dcea320b9477d56
[I 14:50:09.467 NotebookApp] Starting buffering for 2a374c16-8584-40ac-9381-574996d6526c:24ee49b317fd4e898dcea320b9477d56
[I 14:50:09.484 NotebookApp] Starting buffering for d7e65360-be65-4a66-a0ba-d17a694fd4ba:ed97d0377ad542f898a25bd689d8790e
[I 14:50:11.036 NotebookApp] Restoring connection for 2a374c16-8584-40ac-9381-574996d6526c:24ee49b317fd4e898dcea320b9477d56
[I 14:50:11.123 NotebookApp] Restoring connection for d7e65360-be65-4a66-a0ba-d17a694fd4ba:ed97d0377ad542f898a25bd689d8790e
[I 15:14:37.883 NotebookApp] Starting buffering for d7e65360-be65-4a66-a0ba-d17a694fd4ba:ed97d0377ad542f898a25bd689d8790e
[I 15:14:37.884 NotebookApp] Starting buffering for 2a374c16-8584-40ac-9381-574996d6526c:24ee49b317fd4e898dcea320b9477d56
[I 15:14:39.500 NotebookApp] Restoring connection for d7e65360-be65-4a66-a0ba-d17a694fd4ba:ed97d0377ad542f898a25bd689d8790e
[I 15:14:39.653 NotebookApp] Restoring connection for 2a374c16-8584-40ac-9381-574996d6526c:24ee49b317fd4e898dcea320b9477d56
[I 15:42:56.028 NotebookApp] Starting buffering for 2a374c16-8584-40ac-9381-574996d6526c:24ee49b317fd4e898dcea320b9477d56
[I 15:42:56.030 NotebookApp] Starting buffering for d7e65360-be65-4a66-a0ba-d17a694fd4ba:ed97d0377ad542f898a25bd689d8790e
[I 15:42:57.608 NotebookApp] Restoring connection for 2a374c16-8584-40ac-9381-574996d6526c:24ee49b317fd4e898dcea320b9477d56
[I 15:42:57.622 NotebookApp] Restoring connection for d7e65360-be65-4a66-a0ba-d17a694fd4ba:ed97d0377ad542f898a25bd689d8790e
[I 16:10:02.317 NotebookApp] Starting buffering for d7e65360-be65-4a66-a0ba-d17a694fd4ba:ed97d0377ad542f898a25bd689d8790e
[I 16:10:02.332 NotebookApp] Starting buffering for 2a374c16-8584-40ac-9381-574996d6526c:24ee49b317fd4e898dcea320b9477d56
[I 16:10:04.096 NotebookApp] Restoring connection for d7e65360-be65-4a66-a0ba-d17a694fd4ba:ed97d0377ad542f898a25bd689d8790e
[I 16:10:04.109 NotebookApp] Restoring connection for 2a374c16-8584-40ac-9381-574996d6526c:24ee49b317fd4e898dcea320b9477d56
[I 16:36:54.463 NotebookApp] Starting buffering for 2a374c16-8584-40ac-9381-574996d6526c:24ee49b317fd4e898dcea320b9477d56
[I 16:36:54.473 NotebookApp] Starting buffering for d7e65360-be65-4a66-a0ba-d17a694fd4ba:ed97d0377ad542f898a25bd689d8790e
[I 16:36:56.101 NotebookApp] Restoring connection for 2a374c16-8584-40ac-9381-574996d6526c:24ee49b317fd4e898dcea320b9477d56
[I 16:36:56.206 NotebookApp] Restoring connection for d7e65360-be65-4a66-a0ba-d17a694fd4ba:ed97d0377ad542f898a25bd689d8790e
[I 17:23:06.340 NotebookApp] Starting buffering for d7e65360-be65-4a66-a0ba-d17a694fd4ba:ed97d0377ad542f898a25bd689d8790e
[I 17:23:06.345 NotebookApp] Starting buffering for 2a374c16-8584-40ac-9381-574996d6526c:24ee49b317fd4e898dcea320b9477d56
[I 17:23:07.815 NotebookApp] Restoring connection for 2a374c16-8584-40ac-9381-574996d6526c:24ee49b317fd4e898dcea320b9477d56
[I 17:23:07.829 NotebookApp] Restoring connection for d7e65360-be65-4a66-a0ba-d17a694fd4ba:ed97d0377ad542f898a25bd689d8790e
[I 20:57:46.897 NotebookApp] Starting buffering for d7e65360-be65-4a66-a0ba-d17a694fd4ba:ed97d0377ad542f898a25bd689d8790e
[I 20:57:46.912 NotebookApp] Starting buffering for 2a374c16-8584-40ac-9381-574996d6526c:24ee49b317fd4e898dcea320b9477d56
[W 20:59:22.390 NotebookApp] Notebook rlMarketTiming.ipynb is not trusted
[W 20:59:22.452 NotebookApp] 404 GET /nbextensions/pydeck/extension.js?v=20220219100912 (::1) 2.910000ms referer=http://localhost:8888/notebooks/rlMarketTiming.ipynb
[W 20:59:22.890 NotebookApp] 404 GET /nbextensions/widgets/notebook/js/extension.js?v=20220219100912 (::1) 1.680000ms referer=http://localhost:8888/notebooks/rlMarketTiming.ipynb
[I 21:01:22.814 NotebookApp] Saving file at /rlMarketTiming.ipynb
[W 21:01:22.815 NotebookApp] Notebook rlMarketTiming.ipynb is not trusted
[I 21:28:21.595 NotebookApp] Starting buffering for d7e65360-be65-4a66-a0ba-d17a694fd4ba:c5d49086acbe435992d7773f19e05a6f
[I 21:28:22.838 NotebookApp] Restoring connection for d7e65360-be65-4a66-a0ba-d17a694fd4ba:c5d49086acbe435992d7773f19e05a6f
[I 09:08:06.648 NotebookApp] Starting buffering for d7e65360-be65-4a66-a0ba-d17a694fd4ba:c5d49086acbe435992d7773f19e05a6f
[I 09:08:08.180 NotebookApp] Restoring connection for d7e65360-be65-4a66-a0ba-d17a694fd4ba:c5d49086acbe435992d7773f19e05a6f
[I 11:43:26.834 NotebookApp] Starting buffering for d7e65360-be65-4a66-a0ba-d17a694fd4ba:c5d49086acbe435992d7773f19e05a6f
[I 11:43:29.492 NotebookApp] Restoring connection for d7e65360-be65-4a66-a0ba-d17a694fd4ba:c5d49086acbe435992d7773f19e05a6f
[I 12:08:20.355 NotebookApp] Starting buffering for d7e65360-be65-4a66-a0ba-d17a694fd4ba:c5d49086acbe435992d7773f19e05a6f
[I 12:08:22.061 NotebookApp] Restoring connection for d7e65360-be65-4a66-a0ba-d17a694fd4ba:c5d49086acbe435992d7773f19e05a6f
[I 15:19:35.584 NotebookApp] Starting buffering for d7e65360-be65-4a66-a0ba-d17a694fd4ba:c5d49086acbe435992d7773f19e05a6f
[I 15:19:36.970 NotebookApp] Restoring connection for d7e65360-be65-4a66-a0ba-d17a694fd4ba:c5d49086acbe435992d7773f19e05a6f
[I 15:28:51.576 NotebookApp] Starting buffering for d7e65360-be65-4a66-a0ba-d17a694fd4ba:c5d49086acbe435992d7773f19e05a6f
[I 15:28:53.056 NotebookApp] Restoring connection for d7e65360-be65-4a66-a0ba-d17a694fd4ba:c5d49086acbe435992d7773f19e05a6f
[I 09:00:55.557 NotebookApp] Starting buffering for d7e65360-be65-4a66-a0ba-d17a694fd4ba:c5d49086acbe435992d7773f19e05a6f
[I 09:00:57.679 NotebookApp] Restoring connection for d7e65360-be65-4a66-a0ba-d17a694fd4ba:c5d49086acbe435992d7773f19e05a6f
[I 11:02:37.013 NotebookApp] Starting buffering for d7e65360-be65-4a66-a0ba-d17a694fd4ba:c5d49086acbe435992d7773f19e05a6f
[I 11:02:38.661 NotebookApp] Restoring connection for d7e65360-be65-4a66-a0ba-d17a694fd4ba:c5d49086acbe435992d7773f19e05a6f
[I 12:41:20.457 NotebookApp] Starting buffering for d7e65360-be65-4a66-a0ba-d17a694fd4ba:c5d49086acbe435992d7773f19e05a6f
[I 12:41:22.737 NotebookApp] Restoring connection for d7e65360-be65-4a66-a0ba-d17a694fd4ba:c5d49086acbe435992d7773f19e05a6f
[I 16:13:02.036 NotebookApp] Starting buffering for d7e65360-be65-4a66-a0ba-d17a694fd4ba:c5d49086acbe435992d7773f19e05a6f
[I 16:13:03.663 NotebookApp] Restoring connection for d7e65360-be65-4a66-a0ba-d17a694fd4ba:c5d49086acbe435992d7773f19e05a6f
[I 17:11:12.801 NotebookApp] Starting buffering for d7e65360-be65-4a66-a0ba-d17a694fd4ba:c5d49086acbe435992d7773f19e05a6f
[I 17:11:14.074 NotebookApp] Restoring connection for d7e65360-be65-4a66-a0ba-d17a694fd4ba:c5d49086acbe435992d7773f19e05a6f
[I 17:23:16.949 NotebookApp] Starting buffering for d7e65360-be65-4a66-a0ba-d17a694fd4ba:c5d49086acbe435992d7773f19e05a6f
[I 17:23:18.885 NotebookApp] Restoring connection for d7e65360-be65-4a66-a0ba-d17a694fd4ba:c5d49086acbe435992d7773f19e05a6f
[I 17:42:57.302 NotebookApp] Starting buffering for d7e65360-be65-4a66-a0ba-d17a694fd4ba:c5d49086acbe435992d7773f19e05a6f
[I 17:42:58.726 NotebookApp] Restoring connection for d7e65360-be65-4a66-a0ba-d17a694fd4ba:c5d49086acbe435992d7773f19e05a6f
[I 20:54:59.527 NotebookApp] Starting buffering for d7e65360-be65-4a66-a0ba-d17a694fd4ba:c5d49086acbe435992d7773f19e05a6f
[I 20:55:01.460 NotebookApp] Restoring connection for d7e65360-be65-4a66-a0ba-d17a694fd4ba:c5d49086acbe435992d7773f19e05a6f
[I 09:54:54.111 NotebookApp] Starting buffering for d7e65360-be65-4a66-a0ba-d17a694fd4ba:c5d49086acbe435992d7773f19e05a6f
[I 09:54:56.185 NotebookApp] Restoring connection for d7e65360-be65-4a66-a0ba-d17a694fd4ba:c5d49086acbe435992d7773f19e05a6f
[I 14:18:58.308 NotebookApp] Starting buffering for d7e65360-be65-4a66-a0ba-d17a694fd4ba:c5d49086acbe435992d7773f19e05a6f
[I 14:18:59.861 NotebookApp] Restoring connection for d7e65360-be65-4a66-a0ba-d17a694fd4ba:c5d49086acbe435992d7773f19e05a6f
[I 16:06:00.805 NotebookApp] Starting buffering for d7e65360-be65-4a66-a0ba-d17a694fd4ba:c5d49086acbe435992d7773f19e05a6f
[I 16:06:02.061 NotebookApp] Restoring connection for d7e65360-be65-4a66-a0ba-d17a694fd4ba:c5d49086acbe435992d7773f19e05a6f
[I 16:12:31.825 NotebookApp] Starting buffering for d7e65360-be65-4a66-a0ba-d17a694fd4ba:c5d49086acbe435992d7773f19e05a6f
[I 16:12:33.455 NotebookApp] Restoring connection for d7e65360-be65-4a66-a0ba-d17a694fd4ba:c5d49086acbe435992d7773f19e05a6f
[I 17:17:43.200 NotebookApp] Starting buffering for d7e65360-be65-4a66-a0ba-d17a694fd4ba:c5d49086acbe435992d7773f19e05a6f
[I 17:17:44.552 NotebookApp] Restoring connection for d7e65360-be65-4a66-a0ba-d17a694fd4ba:c5d49086acbe435992d7773f19e05a6f
[I 11:58:23.925 NotebookApp] Starting buffering for d7e65360-be65-4a66-a0ba-d17a694fd4ba:c5d49086acbe435992d7773f19e05a6f
[I 11:58:25.064 NotebookApp] Restoring connection for d7e65360-be65-4a66-a0ba-d17a694fd4ba:c5d49086acbe435992d7773f19e05a6f
[I 16:11:49.981 NotebookApp] Starting buffering for d7e65360-be65-4a66-a0ba-d17a694fd4ba:c5d49086acbe435992d7773f19e05a6f
[I 16:11:51.218 NotebookApp] Restoring connection for d7e65360-be65-4a66-a0ba-d17a694fd4ba:c5d49086acbe435992d7773f19e05a6f
[I 18:36:12.562 NotebookApp] Starting buffering for d7e65360-be65-4a66-a0ba-d17a694fd4ba:c5d49086acbe435992d7773f19e05a6f
[I 18:36:14.224 NotebookApp] Restoring connection for d7e65360-be65-4a66-a0ba-d17a694fd4ba:c5d49086acbe435992d7773f19e05a6f
[I 21:16:25.537 NotebookApp] Starting buffering for d7e65360-be65-4a66-a0ba-d17a694fd4ba:c5d49086acbe435992d7773f19e05a6f
[I 21:16:27.040 NotebookApp] Restoring connection for d7e65360-be65-4a66-a0ba-d17a694fd4ba:c5d49086acbe435992d7773f19e05a6f
[I 08:45:29.494 NotebookApp] Starting buffering for d7e65360-be65-4a66-a0ba-d17a694fd4ba:c5d49086acbe435992d7773f19e05a6f
[I 08:45:31.036 NotebookApp] Restoring connection for d7e65360-be65-4a66-a0ba-d17a694fd4ba:c5d49086acbe435992d7773f19e05a6f
[I 10:40:33.509 NotebookApp] Starting buffering for d7e65360-be65-4a66-a0ba-d17a694fd4ba:c5d49086acbe435992d7773f19e05a6f
[I 10:40:35.028 NotebookApp] Restoring connection for d7e65360-be65-4a66-a0ba-d17a694fd4ba:c5d49086acbe435992d7773f19e05a6f
[I 12:26:24.334 NotebookApp] Starting buffering for d7e65360-be65-4a66-a0ba-d17a694fd4ba:c5d49086acbe435992d7773f19e05a6f
[I 12:26:26.033 NotebookApp] Restoring connection for d7e65360-be65-4a66-a0ba-d17a694fd4ba:c5d49086acbe435992d7773f19e05a6f
[I 14:28:07.656 NotebookApp] Starting buffering for d7e65360-be65-4a66-a0ba-d17a694fd4ba:c5d49086acbe435992d7773f19e05a6f
[I 14:28:09.536 NotebookApp] Restoring connection for d7e65360-be65-4a66-a0ba-d17a694fd4ba:c5d49086acbe435992d7773f19e05a6f
[I 15:02:37.739 NotebookApp] Starting buffering for d7e65360-be65-4a66-a0ba-d17a694fd4ba:c5d49086acbe435992d7773f19e05a6f
[I 15:02:40.310 NotebookApp] Restoring connection for d7e65360-be65-4a66-a0ba-d17a694fd4ba:c5d49086acbe435992d7773f19e05a6f
[I 15:37:32.984 NotebookApp] Starting buffering for d7e65360-be65-4a66-a0ba-d17a694fd4ba:c5d49086acbe435992d7773f19e05a6f
[I 15:37:34.771 NotebookApp] Restoring connection for d7e65360-be65-4a66-a0ba-d17a694fd4ba:c5d49086acbe435992d7773f19e05a6f
[I 16:55:00.418 NotebookApp] Starting buffering for d7e65360-be65-4a66-a0ba-d17a694fd4ba:c5d49086acbe435992d7773f19e05a6f
[I 16:55:02.027 NotebookApp] Restoring connection for d7e65360-be65-4a66-a0ba-d17a694fd4ba:c5d49086acbe435992d7773f19e05a6f
[I 17:12:35.797 NotebookApp] Starting buffering for d7e65360-be65-4a66-a0ba-d17a694fd4ba:c5d49086acbe435992d7773f19e05a6f
[I 17:12:38.488 NotebookApp] Restoring connection for d7e65360-be65-4a66-a0ba-d17a694fd4ba:c5d49086acbe435992d7773f19e05a6f
[I 17:54:51.075 NotebookApp] Starting buffering for d7e65360-be65-4a66-a0ba-d17a694fd4ba:c5d49086acbe435992d7773f19e05a6f
[I 17:54:52.703 NotebookApp] Restoring connection for d7e65360-be65-4a66-a0ba-d17a694fd4ba:c5d49086acbe435992d7773f19e05a6f
[I 20:32:58.394 NotebookApp] Starting buffering for d7e65360-be65-4a66-a0ba-d17a694fd4ba:c5d49086acbe435992d7773f19e05a6f
[I 20:33:00.605 NotebookApp] Restoring connection for d7e65360-be65-4a66-a0ba-d17a694fd4ba:c5d49086acbe435992d7773f19e05a6f
[I 10:53:40.703 NotebookApp] Starting buffering for d7e65360-be65-4a66-a0ba-d17a694fd4ba:c5d49086acbe435992d7773f19e05a6f
[I 10:53:42.285 NotebookApp] Restoring connection for d7e65360-be65-4a66-a0ba-d17a694fd4ba:c5d49086acbe435992d7773f19e05a6f
[I 15:06:52.589 NotebookApp] Starting buffering for d7e65360-be65-4a66-a0ba-d17a694fd4ba:c5d49086acbe435992d7773f19e05a6f
[I 15:06:54.551 NotebookApp] Restoring connection for d7e65360-be65-4a66-a0ba-d17a694fd4ba:c5d49086acbe435992d7773f19e05a6f
[I 16:04:07.462 NotebookApp] Starting buffering for d7e65360-be65-4a66-a0ba-d17a694fd4ba:c5d49086acbe435992d7773f19e05a6f
[I 16:04:09.400 NotebookApp] Restoring connection for d7e65360-be65-4a66-a0ba-d17a694fd4ba:c5d49086acbe435992d7773f19e05a6f
[I 17:18:58.048 NotebookApp] Starting buffering for d7e65360-be65-4a66-a0ba-d17a694fd4ba:c5d49086acbe435992d7773f19e05a6f
[I 17:18:59.980 NotebookApp] Restoring connection for d7e65360-be65-4a66-a0ba-d17a694fd4ba:c5d49086acbe435992d7773f19e05a6f
[I 08:56:14.677 NotebookApp] Starting buffering for d7e65360-be65-4a66-a0ba-d17a694fd4ba:c5d49086acbe435992d7773f19e05a6f
[I 08:56:16.515 NotebookApp] Restoring connection for d7e65360-be65-4a66-a0ba-d17a694fd4ba:c5d49086acbe435992d7773f19e05a6f
[I 10:28:30.623 NotebookApp] Starting buffering for d7e65360-be65-4a66-a0ba-d17a694fd4ba:c5d49086acbe435992d7773f19e05a6f
[I 10:28:32.262 NotebookApp] Restoring connection for d7e65360-be65-4a66-a0ba-d17a694fd4ba:c5d49086acbe435992d7773f19e05a6f
[I 10:56:05.116 NotebookApp] Starting buffering for d7e65360-be65-4a66-a0ba-d17a694fd4ba:c5d49086acbe435992d7773f19e05a6f
[I 10:56:07.289 NotebookApp] Restoring connection for d7e65360-be65-4a66-a0ba-d17a694fd4ba:c5d49086acbe435992d7773f19e05a6f
[I 13:12:41.738 NotebookApp] Starting buffering for d7e65360-be65-4a66-a0ba-d17a694fd4ba:c5d49086acbe435992d7773f19e05a6f
[I 13:12:43.840 NotebookApp] Restoring connection for d7e65360-be65-4a66-a0ba-d17a694fd4ba:c5d49086acbe435992d7773f19e05a6f
[I 13:50:45.698 NotebookApp] Starting buffering for d7e65360-be65-4a66-a0ba-d17a694fd4ba:c5d49086acbe435992d7773f19e05a6f
[I 13:50:47.680 NotebookApp] Restoring connection for d7e65360-be65-4a66-a0ba-d17a694fd4ba:c5d49086acbe435992d7773f19e05a6f
[I 15:13:59.349 NotebookApp] Starting buffering for d7e65360-be65-4a66-a0ba-d17a694fd4ba:c5d49086acbe435992d7773f19e05a6f
[I 15:14:00.644 NotebookApp] Restoring connection for d7e65360-be65-4a66-a0ba-d17a694fd4ba:c5d49086acbe435992d7773f19e05a6f
[I 18:35:48.065 NotebookApp] Starting buffering for d7e65360-be65-4a66-a0ba-d17a694fd4ba:c5d49086acbe435992d7773f19e05a6f
[I 18:35:49.246 NotebookApp] Restoring connection for d7e65360-be65-4a66-a0ba-d17a694fd4ba:c5d49086acbe435992d7773f19e05a6f
[I 20:51:48.034 NotebookApp] Starting buffering for d7e65360-be65-4a66-a0ba-d17a694fd4ba:c5d49086acbe435992d7773f19e05a6f
[I 20:51:49.969 NotebookApp] Restoring connection for d7e65360-be65-4a66-a0ba-d17a694fd4ba:c5d49086acbe435992d7773f19e05a6f
[I 08:41:31.496 NotebookApp] Starting buffering for d7e65360-be65-4a66-a0ba-d17a694fd4ba:c5d49086acbe435992d7773f19e05a6f
[I 08:41:33.250 NotebookApp] Restoring connection for d7e65360-be65-4a66-a0ba-d17a694fd4ba:c5d49086acbe435992d7773f19e05a6f
[I 14:37:39.429 NotebookApp] Starting buffering for d7e65360-be65-4a66-a0ba-d17a694fd4ba:c5d49086acbe435992d7773f19e05a6f
[I 14:37:40.916 NotebookApp] Restoring connection for d7e65360-be65-4a66-a0ba-d17a694fd4ba:c5d49086acbe435992d7773f19e05a6f
[I 17:13:52.009 NotebookApp] Starting buffering for d7e65360-be65-4a66-a0ba-d17a694fd4ba:c5d49086acbe435992d7773f19e05a6f
[I 17:13:55.357 NotebookApp] Restoring connection for d7e65360-be65-4a66-a0ba-d17a694fd4ba:c5d49086acbe435992d7773f19e05a6f
[I 08:28:56.550 NotebookApp] Starting buffering for d7e65360-be65-4a66-a0ba-d17a694fd4ba:c5d49086acbe435992d7773f19e05a6f
[I 08:28:58.293 NotebookApp] Restoring connection for d7e65360-be65-4a66-a0ba-d17a694fd4ba:c5d49086acbe435992d7773f19e05a6f
[I 12:20:35.325 NotebookApp] Starting buffering for d7e65360-be65-4a66-a0ba-d17a694fd4ba:c5d49086acbe435992d7773f19e05a6f
[I 12:20:37.128 NotebookApp] Restoring connection for d7e65360-be65-4a66-a0ba-d17a694fd4ba:c5d49086acbe435992d7773f19e05a6f
